2021-12-02 16:28:14,707 [Worker-9: Loading available Gradle versions] INFO  o.e.b.c.i.u.g.PublishedGradleVersions - Gradle version information cache is up-to-date. Trying to read.
2021-12-02 16:28:33,587 [Worker-0: Update Maven projects configuration] INFO  o.e.m.c.i.p.ProjectConfigurationManager - Update started
2021-12-02 16:28:34,307 [Worker-0: Update Maven projects configuration] INFO  o.e.m.c.i.e.AbstractTransferListenerAdapter - Downloading https://repo.maven.apache.org/maven2/org/apache/maven/plugins/maven-antrun-plugin/3.0.0/maven-antrun-plugin-3.0.0.pom
2021-12-02 16:28:34,400 [Worker-0: Update Maven projects configuration] INFO  o.e.m.c.i.e.AbstractTransferListenerAdapter - Downloaded https://repo.maven.apache.org/maven2/org/apache/maven/plugins/maven-antrun-plugin/3.0.0/maven-antrun-plugin-3.0.0.pom
2021-12-02 16:28:34,452 [Worker-0: Update Maven projects configuration] INFO  o.e.m.c.i.e.AbstractTransferListenerAdapter - Downloading https://repo.maven.apache.org/maven2/org/apache/maven/plugins/maven-plugins/34/maven-plugins-34.pom
2021-12-02 16:28:34,514 [Worker-0: Update Maven projects configuration] INFO  o.e.m.c.i.e.AbstractTransferListenerAdapter - Downloaded https://repo.maven.apache.org/maven2/org/apache/maven/plugins/maven-plugins/34/maven-plugins-34.pom
2021-12-02 16:28:34,572 [Worker-0: Update Maven projects configuration] INFO  o.e.m.c.i.e.AbstractTransferListenerAdapter - Downloading https://repo.maven.apache.org/maven2/org/apache/maven/maven-parent/34/maven-parent-34.pom
2021-12-02 16:28:34,693 [Worker-0: Update Maven projects configuration] INFO  o.e.m.c.i.e.AbstractTransferListenerAdapter - Downloaded https://repo.maven.apache.org/maven2/org/apache/maven/maven-parent/34/maven-parent-34.pom
2021-12-02 16:28:34,802 [Worker-0: Update Maven projects configuration] INFO  o.e.m.c.i.e.AbstractTransferListenerAdapter - Downloading https://repo.maven.apache.org/maven2/org/apache/apache/23/apache-23.pom
2021-12-02 16:28:34,860 [Worker-0: Update Maven projects configuration] INFO  o.e.m.c.i.e.AbstractTransferListenerAdapter - Downloaded https://repo.maven.apache.org/maven2/org/apache/apache/23/apache-23.pom
2021-12-02 16:28:34,944 [Worker-0: Update Maven projects configuration] INFO  o.e.m.c.i.e.AbstractTransferListenerAdapter - Downloading https://repo.maven.apache.org/maven2/org/apache/maven/plugins/maven-antrun-plugin/3.0.0/maven-antrun-plugin-3.0.0.jar
2021-12-02 16:28:35,019 [Worker-0: Update Maven projects configuration] INFO  o.e.m.c.i.e.AbstractTransferListenerAdapter - Downloaded https://repo.maven.apache.org/maven2/org/apache/maven/plugins/maven-antrun-plugin/3.0.0/maven-antrun-plugin-3.0.0.jar
2021-12-02 16:28:35,151 [Worker-0: Update Maven projects configuration] INFO  o.e.m.c.i.e.AbstractTransferListenerAdapter - Downloading https://repo.maven.apache.org/maven2/org/apache/maven/plugins/maven-compiler-plugin/3.8.1/maven-compiler-plugin-3.8.1.jar
2021-12-02 16:28:35,229 [Worker-0: Update Maven projects configuration] INFO  o.e.m.c.i.e.AbstractTransferListenerAdapter - Downloaded https://repo.maven.apache.org/maven2/org/apache/maven/plugins/maven-compiler-plugin/3.8.1/maven-compiler-plugin-3.8.1.jar
2021-12-02 16:28:35,300 [Worker-0: Update Maven projects configuration] INFO  o.e.m.c.i.e.AbstractTransferListenerAdapter - Downloading https://repo.maven.apache.org/maven2/org/apache/maven/plugins/maven-dependency-plugin/3.1.2/maven-dependency-plugin-3.1.2.jar
2021-12-02 16:28:35,430 [Worker-0: Update Maven projects configuration] INFO  o.e.m.c.i.e.AbstractTransferListenerAdapter - Downloaded https://repo.maven.apache.org/maven2/org/apache/maven/plugins/maven-dependency-plugin/3.1.2/maven-dependency-plugin-3.1.2.jar
2021-12-02 16:28:35,518 [Worker-0: Update Maven projects configuration] INFO  o.e.m.c.i.e.AbstractTransferListenerAdapter - Downloading https://repo.maven.apache.org/maven2/org/apache/maven/plugins/maven-jar-plugin/3.2.0/maven-jar-plugin-3.2.0.jar
2021-12-02 16:28:35,580 [Worker-0: Update Maven projects configuration] INFO  o.e.m.c.i.e.AbstractTransferListenerAdapter - Downloaded https://repo.maven.apache.org/maven2/org/apache/maven/plugins/maven-jar-plugin/3.2.0/maven-jar-plugin-3.2.0.jar
2021-12-02 16:28:35,661 [Worker-0: Update Maven projects configuration] INFO  o.e.m.c.i.e.AbstractTransferListenerAdapter - Downloading https://repo.maven.apache.org/maven2/org/apache/maven/plugins/maven-compiler-plugin/3.8.1/maven-compiler-plugin-3.8.1.pom
2021-12-02 16:28:35,713 [Worker-0: Update Maven projects configuration] INFO  o.e.m.c.i.e.AbstractTransferListenerAdapter - Downloaded https://repo.maven.apache.org/maven2/org/apache/maven/plugins/maven-compiler-plugin/3.8.1/maven-compiler-plugin-3.8.1.pom
2021-12-02 16:28:35,786 [Worker-0: Update Maven projects configuration] INFO  o.e.m.c.i.e.AbstractTransferListenerAdapter - Downloading https://repo.maven.apache.org/maven2/org/apache/maven/plugins/maven-plugins/33/maven-plugins-33.pom
2021-12-02 16:28:35,860 [Worker-0: Update Maven projects configuration] INFO  o.e.m.c.i.e.AbstractTransferListenerAdapter - Downloaded https://repo.maven.apache.org/maven2/org/apache/maven/plugins/maven-plugins/33/maven-plugins-33.pom
2021-12-02 16:28:36,256 [Worker-0: Update Maven projects configuration] INFO  o.e.m.c.i.l.LifecycleMappingFactory - Using org.eclipse.m2e.jdt.JarLifecycleMapping lifecycle mapping for MavenProject: fr.ensma.a3.ia:control:1.0-SNAPSHOT @ C:\Users\Martin\Documents\GitHub\BE\control-maven-archetype\control\pom.xml.
2021-12-02 16:28:36,587 [Worker-0: Update Maven projects configuration] INFO  o.e.m.c.i.e.AbstractTransferListenerAdapter - Downloading https://repo.maven.apache.org/maven2/org/slf4j/slf4j-api/1.7.32/slf4j-api-1.7.32.pom
2021-12-02 16:28:36,706 [Worker-0: Update Maven projects configuration] INFO  o.e.m.c.i.e.AbstractTransferListenerAdapter - Downloaded https://repo.maven.apache.org/maven2/org/slf4j/slf4j-api/1.7.32/slf4j-api-1.7.32.pom
2021-12-02 16:28:36,779 [Worker-0: Update Maven projects configuration] INFO  o.e.m.c.i.e.AbstractTransferListenerAdapter - Downloading https://repo.maven.apache.org/maven2/org/slf4j/slf4j-parent/1.7.32/slf4j-parent-1.7.32.pom
2021-12-02 16:28:36,860 [Worker-0: Update Maven projects configuration] INFO  o.e.m.c.i.e.AbstractTransferListenerAdapter - Downloaded https://repo.maven.apache.org/maven2/org/slf4j/slf4j-parent/1.7.32/slf4j-parent-1.7.32.pom
2021-12-02 16:28:36,906 [Worker-0: Update Maven projects configuration] INFO  o.e.m.c.i.e.AbstractTransferListenerAdapter - Downloading https://repo.maven.apache.org/maven2/org/slf4j/slf4j-simple/1.7.32/slf4j-simple-1.7.32.pom
2021-12-02 16:28:36,980 [Worker-0: Update Maven projects configuration] INFO  o.e.m.c.i.e.AbstractTransferListenerAdapter - Downloaded https://repo.maven.apache.org/maven2/org/slf4j/slf4j-simple/1.7.32/slf4j-simple-1.7.32.pom
2021-12-02 16:28:37,103 [Worker-0: Update Maven projects configuration] INFO  o.e.m.c.i.e.AbstractTransferListenerAdapter - Downloading https://repo.maven.apache.org/maven2/com/pi4j/pi4j-core/2.1.0/pi4j-core-2.1.0.pom
2021-12-02 16:28:37,268 [Worker-0: Update Maven projects configuration] INFO  o.e.m.c.i.e.AbstractTransferListenerAdapter - Downloaded https://repo.maven.apache.org/maven2/com/pi4j/pi4j-core/2.1.0/pi4j-core-2.1.0.pom
2021-12-02 16:28:37,312 [Worker-0: Update Maven projects configuration] INFO  o.e.m.c.i.e.AbstractTransferListenerAdapter - Downloading https://repo.maven.apache.org/maven2/com/pi4j/pi4j-parent/2.1.0/pi4j-parent-2.1.0.pom
2021-12-02 16:28:37,500 [Worker-0: Update Maven projects configuration] INFO  o.e.m.c.i.e.AbstractTransferListenerAdapter - Downloaded https://repo.maven.apache.org/maven2/com/pi4j/pi4j-parent/2.1.0/pi4j-parent-2.1.0.pom
2021-12-02 16:28:37,585 [Worker-0: Update Maven projects configuration] INFO  o.e.m.c.i.e.AbstractTransferListenerAdapter - Downloading https://repo.maven.apache.org/maven2/org/slf4j/slf4j-api/1.7.30/slf4j-api-1.7.30.pom
2021-12-02 16:28:37,660 [Worker-0: Update Maven projects configuration] INFO  o.e.m.c.i.e.AbstractTransferListenerAdapter - Downloaded https://repo.maven.apache.org/maven2/org/slf4j/slf4j-api/1.7.30/slf4j-api-1.7.30.pom
2021-12-02 16:28:37,750 [Worker-0: Update Maven projects configuration] INFO  o.e.m.c.i.e.AbstractTransferListenerAdapter - Downloading https://repo.maven.apache.org/maven2/org/slf4j/slf4j-parent/1.7.30/slf4j-parent-1.7.30.pom
2021-12-02 16:28:37,820 [Worker-0: Update Maven projects configuration] INFO  o.e.m.c.i.e.AbstractTransferListenerAdapter - Downloaded https://repo.maven.apache.org/maven2/org/slf4j/slf4j-parent/1.7.30/slf4j-parent-1.7.30.pom
2021-12-02 16:28:37,896 [Worker-0: Update Maven projects configuration] INFO  o.e.m.c.i.e.AbstractTransferListenerAdapter - Downloading https://repo.maven.apache.org/maven2/com/pi4j/pi4j-plugin-raspberrypi/2.1.0/pi4j-plugin-raspberrypi-2.1.0.pom
2021-12-02 16:28:37,965 [Worker-0: Update Maven projects configuration] INFO  o.e.m.c.i.e.AbstractTransferListenerAdapter - Downloaded https://repo.maven.apache.org/maven2/com/pi4j/pi4j-plugin-raspberrypi/2.1.0/pi4j-plugin-raspberrypi-2.1.0.pom
2021-12-02 16:28:38,032 [Worker-0: Update Maven projects configuration] INFO  o.e.m.c.i.e.AbstractTransferListenerAdapter - Downloading https://repo.maven.apache.org/maven2/com/pi4j/pi4j-plugin/2.1.0/pi4j-plugin-2.1.0.pom
2021-12-02 16:28:38,075 [Worker-21: reload maven project] INFO  o.e.m.c.i.e.AbstractTransferListenerAdapter - Downloading https://repo.maven.apache.org/maven2/com/pi4j/pi4j-plugin-raspberrypi/2.1.0/pi4j-plugin-raspberrypi-2.1.0.pom
2021-12-02 16:28:38,173 [Worker-0: Update Maven projects configuration] INFO  o.e.m.c.i.e.AbstractTransferListenerAdapter - Downloaded https://repo.maven.apache.org/maven2/com/pi4j/pi4j-plugin/2.1.0/pi4j-plugin-2.1.0.pom
2021-12-02 16:28:38,195 [Worker-21: reload maven project] INFO  o.e.m.c.i.e.AbstractTransferListenerAdapter - Downloaded https://repo.maven.apache.org/maven2/com/pi4j/pi4j-plugin-raspberrypi/2.1.0/pi4j-plugin-raspberrypi-2.1.0.pom
2021-12-02 16:28:38,240 [Worker-0: Update Maven projects configuration] INFO  o.e.m.c.i.e.AbstractTransferListenerAdapter - Downloading https://repo.maven.apache.org/maven2/com/pi4j/pi4j-plugin-pigpio/2.1.0/pi4j-plugin-pigpio-2.1.0.pom
2021-12-02 16:28:38,247 [Worker-21: reload maven project] INFO  o.e.m.c.i.e.AbstractTransferListenerAdapter - Downloading https://repo.maven.apache.org/maven2/com/pi4j/pi4j-plugin-pigpio/2.1.0/pi4j-plugin-pigpio-2.1.0.pom
2021-12-02 16:28:38,294 [Worker-0: Update Maven projects configuration] INFO  o.e.m.c.i.e.AbstractTransferListenerAdapter - Downloaded https://repo.maven.apache.org/maven2/com/pi4j/pi4j-plugin-pigpio/2.1.0/pi4j-plugin-pigpio-2.1.0.pom
2021-12-02 16:28:38,311 [Worker-21: reload maven project] INFO  o.e.m.c.i.e.AbstractTransferListenerAdapter - Downloaded https://repo.maven.apache.org/maven2/com/pi4j/pi4j-plugin-pigpio/2.1.0/pi4j-plugin-pigpio-2.1.0.pom
2021-12-02 16:28:38,392 [Worker-21: reload maven project] INFO  o.e.m.c.i.e.AbstractTransferListenerAdapter - Downloading https://repo.maven.apache.org/maven2/com/pi4j/pi4j-library-pigpio/2.1.0/pi4j-library-pigpio-2.1.0.pom
2021-12-02 16:28:38,393 [Worker-0: Update Maven projects configuration] INFO  o.e.m.c.i.e.AbstractTransferListenerAdapter - Downloading https://repo.maven.apache.org/maven2/com/pi4j/pi4j-library-pigpio/2.1.0/pi4j-library-pigpio-2.1.0.pom
2021-12-02 16:28:38,541 [Worker-0: Update Maven projects configuration] INFO  o.e.m.c.i.e.AbstractTransferListenerAdapter - Downloaded https://repo.maven.apache.org/maven2/com/pi4j/pi4j-library-pigpio/2.1.0/pi4j-library-pigpio-2.1.0.pom
2021-12-02 16:28:38,548 [Worker-21: reload maven project] INFO  o.e.m.c.i.e.AbstractTransferListenerAdapter - Downloaded https://repo.maven.apache.org/maven2/com/pi4j/pi4j-library-pigpio/2.1.0/pi4j-library-pigpio-2.1.0.pom
2021-12-02 16:28:38,694 [Worker-0: Update Maven projects configuration] INFO  o.e.m.c.i.e.AbstractTransferListenerAdapter - Downloading https://repo.maven.apache.org/maven2/com/pi4j/pi4j-library/2.1.0/pi4j-library-2.1.0.pom
2021-12-02 16:28:38,694 [Worker-21: reload maven project] INFO  o.e.m.c.i.e.AbstractTransferListenerAdapter - Downloading https://repo.maven.apache.org/maven2/com/pi4j/pi4j-library/2.1.0/pi4j-library-2.1.0.pom
2021-12-02 16:28:38,861 [Worker-0: Update Maven projects configuration] INFO  o.e.m.c.i.e.AbstractTransferListenerAdapter - Downloaded https://repo.maven.apache.org/maven2/com/pi4j/pi4j-library/2.1.0/pi4j-library-2.1.0.pom
2021-12-02 16:28:38,862 [Worker-21: reload maven project] INFO  o.e.m.c.i.e.AbstractTransferListenerAdapter - Downloaded https://repo.maven.apache.org/maven2/com/pi4j/pi4j-library/2.1.0/pi4j-library-2.1.0.pom
2021-12-02 16:28:38,939 [AetherRepositoryConnector-repo.maven.apache.org-0-0] INFO  o.e.m.c.i.e.AbstractTransferListenerAdapter - Downloading https://repo.maven.apache.org/maven2/org/slf4j/slf4j-api/1.7.32/slf4j-api-1.7.32.jar
2021-12-02 16:28:38,998 [AetherRepositoryConnector-repo.maven.apache.org-0-1] INFO  o.e.m.c.i.e.AbstractTransferListenerAdapter - Downloading https://repo.maven.apache.org/maven2/org/slf4j/slf4j-simple/1.7.32/slf4j-simple-1.7.32.jar
2021-12-02 16:28:39,010 [AetherRepositoryConnector-repo.maven.apache.org-0-2] INFO  o.e.m.c.i.e.AbstractTransferListenerAdapter - Downloading https://repo.maven.apache.org/maven2/com/pi4j/pi4j-core/2.1.0/pi4j-core-2.1.0.jar
2021-12-02 16:28:39,010 [AetherRepositoryConnector-repo.maven.apache.org-1-0] INFO  o.e.m.c.i.e.AbstractTransferListenerAdapter - Downloading https://repo.maven.apache.org/maven2/org/slf4j/slf4j-api/1.7.32/slf4j-api-1.7.32.jar
2021-12-02 16:28:39,040 [AetherRepositoryConnector-repo.maven.apache.org-1-1] INFO  o.e.m.c.i.e.AbstractTransferListenerAdapter - Downloading https://repo.maven.apache.org/maven2/org/slf4j/slf4j-simple/1.7.32/slf4j-simple-1.7.32.jar
2021-12-02 16:28:39,052 [AetherRepositoryConnector-repo.maven.apache.org-0-3] INFO  o.e.m.c.i.e.AbstractTransferListenerAdapter - Downloading https://repo.maven.apache.org/maven2/com/pi4j/pi4j-plugin-raspberrypi/2.1.0/pi4j-plugin-raspberrypi-2.1.0.jar
2021-12-02 16:28:39,052 [AetherRepositoryConnector-repo.maven.apache.org-1-2] INFO  o.e.m.c.i.e.AbstractTransferListenerAdapter - Downloading https://repo.maven.apache.org/maven2/com/pi4j/pi4j-core/2.1.0/pi4j-core-2.1.0.jar
2021-12-02 16:28:39,186 [AetherRepositoryConnector-repo.maven.apache.org-1-3] INFO  o.e.m.c.i.e.AbstractTransferListenerAdapter - Downloading https://repo.maven.apache.org/maven2/com/pi4j/pi4j-plugin-raspberrypi/2.1.0/pi4j-plugin-raspberrypi-2.1.0.jar
2021-12-02 16:28:39,265 [AetherRepositoryConnector-repo.maven.apache.org-0-4] INFO  o.e.m.c.i.e.AbstractTransferListenerAdapter - Downloading https://repo.maven.apache.org/maven2/com/pi4j/pi4j-plugin-pigpio/2.1.0/pi4j-plugin-pigpio-2.1.0.jar
2021-12-02 16:28:39,267 [AetherRepositoryConnector-repo.maven.apache.org-0-0] INFO  o.e.m.c.i.e.AbstractTransferListenerAdapter - Downloaded https://repo.maven.apache.org/maven2/org/slf4j/slf4j-api/1.7.32/slf4j-api-1.7.32.jar
2021-12-02 16:28:39,272 [AetherRepositoryConnector-repo.maven.apache.org-0-1] INFO  o.e.m.c.i.e.AbstractTransferListenerAdapter - Downloaded https://repo.maven.apache.org/maven2/org/slf4j/slf4j-simple/1.7.32/slf4j-simple-1.7.32.jar
2021-12-02 16:28:39,296 [AetherRepositoryConnector-repo.maven.apache.org-1-4] INFO  o.e.m.c.i.e.AbstractTransferListenerAdapter - Downloading https://repo.maven.apache.org/maven2/com/pi4j/pi4j-plugin-pigpio/2.1.0/pi4j-plugin-pigpio-2.1.0.jar
2021-12-02 16:28:39,297 [AetherRepositoryConnector-repo.maven.apache.org-0-3] INFO  o.e.m.c.i.e.AbstractTransferListenerAdapter - Downloaded https://repo.maven.apache.org/maven2/com/pi4j/pi4j-plugin-raspberrypi/2.1.0/pi4j-plugin-raspberrypi-2.1.0.jar
2021-12-02 16:28:39,334 [AetherRepositoryConnector-repo.maven.apache.org-1-1] INFO  o.e.m.c.i.e.AbstractTransferListenerAdapter - Downloaded https://repo.maven.apache.org/maven2/org/slf4j/slf4j-simple/1.7.32/slf4j-simple-1.7.32.jar
2021-12-02 16:28:39,334 [AetherRepositoryConnector-repo.maven.apache.org-1-3] INFO  o.e.m.c.i.e.AbstractTransferListenerAdapter - Downloaded https://repo.maven.apache.org/maven2/com/pi4j/pi4j-plugin-raspberrypi/2.1.0/pi4j-plugin-raspberrypi-2.1.0.jar
2021-12-02 16:28:39,334 [AetherRepositoryConnector-repo.maven.apache.org-1-0] INFO  o.e.m.c.i.e.AbstractTransferListenerAdapter - Downloaded https://repo.maven.apache.org/maven2/org/slf4j/slf4j-api/1.7.32/slf4j-api-1.7.32.jar
2021-12-02 16:28:39,349 [AetherRepositoryConnector-repo.maven.apache.org-0-0] INFO  o.e.m.c.i.e.AbstractTransferListenerAdapter - Downloading https://repo.maven.apache.org/maven2/com/pi4j/pi4j-library-pigpio/2.1.0/pi4j-library-pigpio-2.1.0.jar
2021-12-02 16:28:39,429 [AetherRepositoryConnector-repo.maven.apache.org-0-2] INFO  o.e.m.c.i.e.AbstractTransferListenerAdapter - Downloaded https://repo.maven.apache.org/maven2/com/pi4j/pi4j-core/2.1.0/pi4j-core-2.1.0.jar
2021-12-02 16:28:39,435 [AetherRepositoryConnector-repo.maven.apache.org-1-2] INFO  o.e.m.c.i.e.AbstractTransferListenerAdapter - Downloaded https://repo.maven.apache.org/maven2/com/pi4j/pi4j-core/2.1.0/pi4j-core-2.1.0.jar
2021-12-02 16:28:39,445 [AetherRepositoryConnector-repo.maven.apache.org-1-1] INFO  o.e.m.c.i.e.AbstractTransferListenerAdapter - Downloading https://repo.maven.apache.org/maven2/com/pi4j/pi4j-library-pigpio/2.1.0/pi4j-library-pigpio-2.1.0.jar
2021-12-02 16:28:39,458 [AetherRepositoryConnector-repo.maven.apache.org-0-4] INFO  o.e.m.c.i.e.AbstractTransferListenerAdapter - Downloaded https://repo.maven.apache.org/maven2/com/pi4j/pi4j-plugin-pigpio/2.1.0/pi4j-plugin-pigpio-2.1.0.jar
2021-12-02 16:28:39,518 [AetherRepositoryConnector-repo.maven.apache.org-0-0] INFO  o.e.m.c.i.e.AbstractTransferListenerAdapter - Downloaded https://repo.maven.apache.org/maven2/com/pi4j/pi4j-library-pigpio/2.1.0/pi4j-library-pigpio-2.1.0.jar
2021-12-02 16:28:39,520 [AetherRepositoryConnector-repo.maven.apache.org-1-4] INFO  o.e.m.c.i.e.AbstractTransferListenerAdapter - Downloaded https://repo.maven.apache.org/maven2/com/pi4j/pi4j-plugin-pigpio/2.1.0/pi4j-plugin-pigpio-2.1.0.jar
2021-12-02 16:28:39,582 [AetherRepositoryConnector-repo.maven.apache.org-1-1] INFO  o.e.m.c.i.e.AbstractTransferListenerAdapter - Downloaded https://repo.maven.apache.org/maven2/com/pi4j/pi4j-library-pigpio/2.1.0/pi4j-library-pigpio-2.1.0.jar
2021-12-02 16:28:40,104 [Worker-0: Update Maven projects configuration] INFO  o.e.m.j.i.AbstractJavaProjectConfigurator - Adding source folder /control/src/main/java
2021-12-02 16:28:40,104 [Worker-0: Update Maven projects configuration] INFO  o.e.m.j.i.AbstractJavaProjectConfigurator - Adding resource folder /control/src/main/resources
2021-12-02 16:28:40,109 [Worker-0: Update Maven projects configuration] INFO  o.e.m.j.i.AbstractJavaProjectConfigurator - Adding source folder /control/src/test/java
2021-12-02 16:28:40,627 [Worker-0: Update Maven projects configuration] INFO  o.e.m.c.i.p.ProjectConfigurationManager - Update completed: 7 sec
2021-12-02 16:28:40,802 [Worker-3: Building] INFO  o.e.m.c.i.embedder.EclipseLogger - Using 'UTF-8' encoding to copy filtered resources.
2021-12-02 16:28:40,805 [Worker-3: Building] INFO  o.e.m.c.i.embedder.EclipseLogger - Copying 1 resource
2021-12-02 16:28:40,810 [Worker-3: Building] INFO  o.e.m.c.i.embedder.EclipseLogger - Using 'UTF-8' encoding to copy filtered resources.
2021-12-02 16:28:40,810 [Worker-3: Building] INFO  o.e.m.c.i.embedder.EclipseLogger - skip non existing resourceDirectory C:\Users\Martin\Documents\GitHub\BE\control-maven-archetype\control\src\test\resources
2021-12-02 16:28:40,887 [Worker-4: Download sources and javadoc] INFO  o.e.m.c.i.e.AbstractTransferListenerAdapter - Downloading https://repo.maven.apache.org/maven2/org/slf4j/slf4j-api/1.7.32/slf4j-api-1.7.32-sources.jar
2021-12-02 16:28:41,025 [Worker-4: Download sources and javadoc] INFO  o.e.m.c.i.e.AbstractTransferListenerAdapter - Downloaded https://repo.maven.apache.org/maven2/org/slf4j/slf4j-api/1.7.32/slf4j-api-1.7.32-sources.jar
2021-12-02 16:28:41,027 [Worker-4: Download sources and javadoc] INFO  o.e.m.j.internal.DownloadSourcesJob - Downloaded sources for org.slf4j:slf4j-api:1.7.32
2021-12-02 16:28:41,264 [Worker-4: Download sources and javadoc] INFO  o.e.m.c.i.e.AbstractTransferListenerAdapter - Downloading https://repo.maven.apache.org/maven2/org/slf4j/slf4j-simple/1.7.32/slf4j-simple-1.7.32-sources.jar
2021-12-02 16:28:41,385 [Worker-4: Download sources and javadoc] INFO  o.e.m.c.i.e.AbstractTransferListenerAdapter - Downloaded https://repo.maven.apache.org/maven2/org/slf4j/slf4j-simple/1.7.32/slf4j-simple-1.7.32-sources.jar
2021-12-02 16:28:41,387 [Worker-4: Download sources and javadoc] INFO  o.e.m.j.internal.DownloadSourcesJob - Downloaded sources for org.slf4j:slf4j-simple:1.7.32
2021-12-02 16:28:41,624 [Worker-4: Download sources and javadoc] INFO  o.e.m.c.i.e.AbstractTransferListenerAdapter - Downloading https://repo.maven.apache.org/maven2/com/pi4j/pi4j-core/2.1.0/pi4j-core-2.1.0-sources.jar
2021-12-02 16:28:41,963 [Worker-4: Download sources and javadoc] INFO  o.e.m.c.i.e.AbstractTransferListenerAdapter - Downloaded https://repo.maven.apache.org/maven2/com/pi4j/pi4j-core/2.1.0/pi4j-core-2.1.0-sources.jar
2021-12-02 16:28:41,965 [Worker-4: Download sources and javadoc] INFO  o.e.m.j.internal.DownloadSourcesJob - Downloaded sources for com.pi4j:pi4j-core:2.1.0
2021-12-02 16:28:42,185 [Worker-4: Download sources and javadoc] INFO  o.e.m.c.i.e.AbstractTransferListenerAdapter - Downloading https://repo.maven.apache.org/maven2/com/pi4j/pi4j-plugin-raspberrypi/2.1.0/pi4j-plugin-raspberrypi-2.1.0-sources.jar
2021-12-02 16:28:42,345 [Worker-4: Download sources and javadoc] INFO  o.e.m.c.i.e.AbstractTransferListenerAdapter - Downloaded https://repo.maven.apache.org/maven2/com/pi4j/pi4j-plugin-raspberrypi/2.1.0/pi4j-plugin-raspberrypi-2.1.0-sources.jar
2021-12-02 16:28:42,347 [Worker-4: Download sources and javadoc] INFO  o.e.m.j.internal.DownloadSourcesJob - Downloaded sources for com.pi4j:pi4j-plugin-raspberrypi:2.1.0
2021-12-02 16:28:42,523 [Worker-11: Discover lifecycle mappings] INFO  o.e.m.i.discovery.MavenDiscovery - No lifecyle mapping found at jar:file:/C:/Users/Martin/AppData/Local/Temp/RemoteBundleDiscoveryStrategy4972769731370500565.tmp/org.eclipse.m2e.discovery.oss_catalog_1.14.jar_310185721426244998.jar!/lifecycle%2Forg.eclipse.m2e.discovery.lifecyclemapping.m2e-wtp.xml
2021-12-02 16:28:42,523 [Worker-11: Discover lifecycle mappings] WARN  o.e.m.i.discovery.MavenDiscovery - CatalogItem org.eclipse.m2e.discovery.lifecyclemapping.m2e-wtp does not contain lifecycle mapping metadata
2021-12-02 16:28:42,524 [Worker-11: Discover lifecycle mappings] INFO  o.e.m.i.discovery.MavenDiscovery - No lifecyle mapping found at jar:file:/C:/Users/Martin/AppData/Local/Temp/RemoteBundleDiscoveryStrategy4972769731370500565.tmp/org.eclipse.m2e.discovery.oss_catalog_1.14.jar_310185721426244998.jar!/lifecycle%2Forg.eclipse.m2e.discovery.lifecyclemapping.m2e-egit.xml
2021-12-02 16:28:42,525 [Worker-11: Discover lifecycle mappings] WARN  o.e.m.i.discovery.MavenDiscovery - CatalogItem org.eclipse.m2e.discovery.lifecyclemapping.m2e-egit does not contain lifecycle mapping metadata
2021-12-02 16:28:42,525 [Worker-11: Discover lifecycle mappings] INFO  o.e.m.i.discovery.MavenDiscovery - No lifecyle mapping found at jar:file:/C:/Users/Martin/AppData/Local/Temp/RemoteBundleDiscoveryStrategy4972769731370500565.tmp/org.eclipse.m2e.discovery.oss_catalog_1.14.jar_310185721426244998.jar!/lifecycle%2Forg.eclipse.m2e.discovery.lifecyclemapping.m2e-subversive.xml
2021-12-02 16:28:42,525 [Worker-11: Discover lifecycle mappings] WARN  o.e.m.i.discovery.MavenDiscovery - CatalogItem org.eclipse.m2e.discovery.lifecyclemapping.m2e-subversive does not contain lifecycle mapping metadata
2021-12-02 16:28:42,543 [Worker-11: Discover lifecycle mappings] INFO  o.e.m.i.discovery.MavenDiscovery - No lifecyle mapping found at jar:file:/C:/Users/Martin/AppData/Local/Temp/RemoteBundleDiscoveryStrategy4972769731370500565.tmp/org.eclipse.m2e.discovery.oss_catalog_1.14.jar_310185721426244998.jar!/lifecycle%2Forg.eclipse.m2e.discovery.extras.m2e-chromatic.xml
2021-12-02 16:28:42,544 [Worker-11: Discover lifecycle mappings] WARN  o.e.m.i.discovery.MavenDiscovery - CatalogItem org.eclipse.m2e.discovery.extras.m2e-chromatic does not contain lifecycle mapping metadata
2021-12-02 16:28:42,619 [Worker-4: Download sources and javadoc] INFO  o.e.m.c.i.e.AbstractTransferListenerAdapter - Downloading https://repo.maven.apache.org/maven2/com/pi4j/pi4j-plugin-pigpio/2.1.0/pi4j-plugin-pigpio-2.1.0-sources.jar
2021-12-02 16:28:42,740 [Worker-4: Download sources and javadoc] INFO  o.e.m.c.i.e.AbstractTransferListenerAdapter - Downloaded https://repo.maven.apache.org/maven2/com/pi4j/pi4j-plugin-pigpio/2.1.0/pi4j-plugin-pigpio-2.1.0-sources.jar
2021-12-02 16:28:42,743 [Worker-4: Download sources and javadoc] INFO  o.e.m.j.internal.DownloadSourcesJob - Downloaded sources for com.pi4j:pi4j-plugin-pigpio:2.1.0
2021-12-02 16:28:42,990 [Worker-4: Download sources and javadoc] INFO  o.e.m.c.i.e.AbstractTransferListenerAdapter - Downloading https://repo.maven.apache.org/maven2/com/pi4j/pi4j-library-pigpio/2.1.0/pi4j-library-pigpio-2.1.0-sources.jar
2021-12-02 16:28:43,185 [Worker-4: Download sources and javadoc] INFO  o.e.m.c.i.e.AbstractTransferListenerAdapter - Downloaded https://repo.maven.apache.org/maven2/com/pi4j/pi4j-library-pigpio/2.1.0/pi4j-library-pigpio-2.1.0-sources.jar
2021-12-02 16:28:43,187 [Worker-4: Download sources and javadoc] INFO  o.e.m.j.internal.DownloadSourcesJob - Downloaded sources for com.pi4j:pi4j-library-pigpio:2.1.0
2021-12-02 16:28:43,682 [Worker-12: Building] INFO  o.e.m.c.i.embedder.EclipseLogger - Using 'UTF-8' encoding to copy filtered resources.
2021-12-02 16:28:43,683 [Worker-12: Building] INFO  o.e.m.c.i.embedder.EclipseLogger - Copying 0 resource
2021-12-02 16:28:43,684 [Worker-12: Building] INFO  o.e.m.c.i.embedder.EclipseLogger - Using 'UTF-8' encoding to copy filtered resources.
2021-12-02 16:28:43,684 [Worker-12: Building] INFO  o.e.m.c.i.embedder.EclipseLogger - skip non existing resourceDirectory C:\Users\Martin\Documents\GitHub\BE\control-maven-archetype\control\src\test\resources
2021-12-02 16:29:28,004 [Worker-6: Loading available Gradle versions] INFO  o.e.b.c.i.u.g.PublishedGradleVersions - Gradle version information cache is up-to-date. Trying to read.
2021-12-02 16:30:12,514 [Worker-18: Launching Executing install in C__Users_Martin_Documents_GitHub_BE_control-maven-archetype_control] INFO  o.e.m.i.launch.MavenLaunchDelegate - C:\Users\Martin\Documents\GitHub\BE\control-maven-archetype\control
2021-12-02 16:30:12,517 [Worker-18: Launching Executing install in C__Users_Martin_Documents_GitHub_BE_control-maven-archetype_control] INFO  o.e.m.i.launch.MavenLaunchDelegate -  mvn -B install
2021-12-02 16:31:20,164 [Worker-16: Building] INFO  o.e.m.c.i.embedder.EclipseLogger - Using 'UTF-8' encoding to copy filtered resources.
2021-12-02 16:31:20,166 [Worker-16: Building] INFO  o.e.m.c.i.embedder.EclipseLogger - Copying 1 resource
2021-12-02 16:31:20,172 [Worker-16: Building] INFO  o.e.m.c.i.embedder.EclipseLogger - Using 'UTF-8' encoding to copy filtered resources.
2021-12-02 16:31:20,172 [Worker-16: Building] INFO  o.e.m.c.i.embedder.EclipseLogger - skip non existing resourceDirectory C:\Users\Martin\Documents\GitHub\BE\control-maven-archetype\control\src\test\resources
2021-12-02 16:31:21,187 [Worker-24: Building] INFO  o.e.m.c.i.embedder.EclipseLogger - Using 'UTF-8' encoding to copy filtered resources.
2021-12-02 16:31:21,188 [Worker-24: Building] INFO  o.e.m.c.i.embedder.EclipseLogger - Copying 0 resource
2021-12-02 16:31:21,189 [Worker-24: Building] INFO  o.e.m.c.i.embedder.EclipseLogger - Using 'UTF-8' encoding to copy filtered resources.
2021-12-02 16:31:21,189 [Worker-24: Building] INFO  o.e.m.c.i.embedder.EclipseLogger - skip non existing resourceDirectory C:\Users\Martin\Documents\GitHub\BE\control-maven-archetype\control\src\test\resources
2021-12-02 16:33:17,502 [Worker-2: Launching Executing clean in C__Users_Martin_Documents_GitHub_BE_control-maven-archetype_control] INFO  o.e.m.i.launch.MavenLaunchDelegate - C:\Users\Martin\Documents\GitHub\BE\control-maven-archetype\control
2021-12-02 16:33:17,503 [Worker-2: Launching Executing clean in C__Users_Martin_Documents_GitHub_BE_control-maven-archetype_control] INFO  o.e.m.i.launch.MavenLaunchDelegate -  mvn -B clean
2021-12-02 16:33:42,120 [Worker-31: Building] INFO  o.e.m.c.i.embedder.EclipseLogger - Using 'UTF-8' encoding to copy filtered resources.
2021-12-02 16:33:42,122 [Worker-31: Building] INFO  o.e.m.c.i.embedder.EclipseLogger - Copying 1 resource
2021-12-02 16:33:42,124 [Worker-31: Building] INFO  o.e.m.c.i.embedder.EclipseLogger - Using 'UTF-8' encoding to copy filtered resources.
2021-12-02 16:33:42,124 [Worker-31: Building] INFO  o.e.m.c.i.embedder.EclipseLogger - skip non existing resourceDirectory C:\Users\Martin\Documents\GitHub\BE\control-maven-archetype\control\src\test\resources
2021-12-02 16:34:23,483 [Worker-12: Building] INFO  o.e.m.c.i.embedder.EclipseLogger - Using 'UTF-8' encoding to copy filtered resources.
2021-12-02 16:34:23,483 [Worker-12: Building] INFO  o.e.m.c.i.embedder.EclipseLogger - Copying 1 resource
2021-12-02 16:34:23,484 [Worker-12: Building] INFO  o.e.m.c.i.embedder.EclipseLogger - Using 'UTF-8' encoding to copy filtered resources.
2021-12-02 16:34:23,484 [Worker-12: Building] INFO  o.e.m.c.i.embedder.EclipseLogger - skip non existing resourceDirectory C:\Users\Martin\Documents\GitHub\BE\control-maven-archetype\control\src\test\resources
2021-12-02 16:34:53,270 [Worker-2: Building] INFO  o.e.m.c.i.embedder.EclipseLogger - Using 'UTF-8' encoding to copy filtered resources.
2021-12-02 16:34:53,271 [Worker-2: Building] INFO  o.e.m.c.i.embedder.EclipseLogger - Copying 1 resource
2021-12-02 16:34:53,272 [Worker-2: Building] INFO  o.e.m.c.i.embedder.EclipseLogger - Using 'UTF-8' encoding to copy filtered resources.
2021-12-02 16:34:53,272 [Worker-2: Building] INFO  o.e.m.c.i.embedder.EclipseLogger - skip non existing resourceDirectory C:\Users\Martin\Documents\GitHub\BE\control-maven-archetype\control\src\test\resources
2021-12-02 16:34:58,885 [Worker-29: Building] INFO  o.e.m.c.i.embedder.EclipseLogger - Using 'UTF-8' encoding to copy filtered resources.
2021-12-02 16:34:58,886 [Worker-29: Building] INFO  o.e.m.c.i.embedder.EclipseLogger - Copying 0 resource
2021-12-02 16:34:58,886 [Worker-29: Building] INFO  o.e.m.c.i.embedder.EclipseLogger - Using 'UTF-8' encoding to copy filtered resources.
2021-12-02 16:34:58,887 [Worker-29: Building] INFO  o.e.m.c.i.embedder.EclipseLogger - skip non existing resourceDirectory C:\Users\Martin\Documents\GitHub\BE\control-maven-archetype\control\src\test\resources
2021-12-02 16:35:17,329 [Worker-2: Building] INFO  o.e.m.c.i.embedder.EclipseLogger - Using 'UTF-8' encoding to copy filtered resources.
2021-12-02 16:35:17,329 [Worker-2: Building] INFO  o.e.m.c.i.embedder.EclipseLogger - Copying 1 resource
2021-12-02 16:35:17,330 [Worker-2: Building] INFO  o.e.m.c.i.embedder.EclipseLogger - Using 'UTF-8' encoding to copy filtered resources.
2021-12-02 16:35:17,330 [Worker-2: Building] INFO  o.e.m.c.i.embedder.EclipseLogger - skip non existing resourceDirectory C:\Users\Martin\Documents\GitHub\BE\control-maven-archetype\control\src\test\resources
2021-12-02 16:35:27,826 [Worker-2: Building] INFO  o.e.m.c.i.embedder.EclipseLogger - Using 'UTF-8' encoding to copy filtered resources.
2021-12-02 16:35:27,827 [Worker-2: Building] INFO  o.e.m.c.i.embedder.EclipseLogger - Copying 1 resource
2021-12-02 16:35:27,828 [Worker-2: Building] INFO  o.e.m.c.i.embedder.EclipseLogger - Using 'UTF-8' encoding to copy filtered resources.
2021-12-02 16:35:27,829 [Worker-2: Building] INFO  o.e.m.c.i.embedder.EclipseLogger - skip non existing resourceDirectory C:\Users\Martin\Documents\GitHub\BE\control-maven-archetype\control\src\test\resources
